<?xml version="1.0" encoding="UTF-8"?>
<testng-results skipped="0" failed="0" ignored="0" total="2" passed="2">
  <reporter-output>
  </reporter-output>
  <suite name="Suite" duration-ms="35420" started-at="2017-11-01T06:01:38Z" finished-at="2017-11-01T06:02:13Z">
    <groups>
    </groups>
    <test name="Test" duration-ms="35420" started-at="2017-11-01T06:01:38Z" finished-at="2017-11-01T06:02:13Z">
      <class name="testpackage.LogintoActitime1">
        <test-method status="PASS" signature="login()[pri:0, instance:testpackage.LogintoActitime1@1e67b872]" name="login" duration-ms="13244" started-at="2017-11-01T11:32:00Z" finished-at="2017-11-01T11:32:13Z">
          <reporter-output>
          </reporter-output>
        </test-method> <!-- login -->
      </class> <!-- testpackage.LogintoActitime1 -->
      <class name="testpackage.LogintoActitime2">
        <test-method status="PASS" signature="login()[pri:0, instance:testpackage.LogintoActitime2@5315b42e]" name="login" duration-ms="22146" started-at="2017-11-01T11:31:38Z" finished-at="2017-11-01T11:32:00Z">
          <reporter-output>
          </reporter-output>
        </test-method> <!-- login -->
      </class> <!-- testpackage.LogintoActitime2 -->
    </test> <!-- Test -->
  </suite> <!-- Suite -->
</testng-results>
