<?xml version="1.0" encoding="UTF-8"?>
<testng-results skipped="0" failed="0" ignored="0" total="2" passed="2">
  <reporter-output>
  </reporter-output>
  <suite name="Suite" duration-ms="41998" started-at="2017-11-01T05:38:30Z" finished-at="2017-11-01T05:39:12Z">
    <groups>
    </groups>
    <test name="Test" duration-ms="41998" started-at="2017-11-01T05:38:30Z" finished-at="2017-11-01T05:39:12Z">
      <class name="testpackage.LogintoActitime1">
        <test-method status="PASS" signature="login()[pri:0, instance:testpackage.LogintoActitime1@d8355a8]" name="login" duration-ms="17816" started-at="2017-11-01T11:08:54Z" finished-at="2017-11-01T11:09:12Z">
          <reporter-output>
          </reporter-output>
        </test-method> <!-- login -->
      </class> <!-- testpackage.LogintoActitime1 -->
      <class name="testpackage.LogintoActitime2">
        <test-method status="PASS" signature="login()[pri:0, instance:testpackage.LogintoActitime2@224edc67]" name="login" duration-ms="24155" started-at="2017-11-01T11:08:30Z" finished-at="2017-11-01T11:08:54Z">
          <reporter-output>
          </reporter-output>
        </test-method> <!-- login -->
      </class> <!-- testpackage.LogintoActitime2 -->
    </test> <!-- Test -->
  </suite> <!-- Suite -->
</testng-results>
